[2025-02-19T19:17:42.249+0000] {local_task_job_runner.py:123} INFO - ::group::Pre task execution logs
[2025-02-19T19:17:42.257+0000] {taskinstance.py:2614} INFO - Dependencies all met for dep_context=non-requeueable deps ti=<TaskInstance: crypto_dag.fetch_btc_infos scheduled__2025-02-19T18:00:00+00:00 [queued]>
[2025-02-19T19:17:42.260+0000] {taskinstance.py:2614} INFO - Dependencies all met for dep_context=requeueable deps ti=<TaskInstance: crypto_dag.fetch_btc_infos scheduled__2025-02-19T18:00:00+00:00 [queued]>
[2025-02-19T19:17:42.261+0000] {taskinstance.py:2867} INFO - Starting attempt 1 of 1
[2025-02-19T19:17:42.266+0000] {taskinstance.py:2890} INFO - Executing <Task(PythonOperator): fetch_btc_infos> on 2025-02-19 18:00:00+00:00
[2025-02-19T19:17:42.271+0000] {warnings.py:112} WARNING - /home/***/.local/lib/python3.12/site-packages/***/task/task_runner/standard_task_runner.py:70: DeprecationWarning: This process (pid=63) is multi-threaded, use of fork() may lead to deadlocks in the child.
  pid = os.fork()

[2025-02-19T19:17:42.270+0000] {standard_task_runner.py:104} INFO - Running: ['***', 'tasks', 'run', 'crypto_dag', 'fetch_btc_infos', 'scheduled__2025-02-19T18:00:00+00:00', '--job-id', '6', '--raw', '--subdir', 'DAGS_FOLDER/crypto_dag.py', '--cfg-path', '/tmp/tmp8828v3tm']
[2025-02-19T19:17:42.272+0000] {standard_task_runner.py:105} INFO - Job 6: Subtask fetch_btc_infos
[2025-02-19T19:17:42.272+0000] {standard_task_runner.py:72} INFO - Started process 67 to run task
[2025-02-19T19:17:42.298+0000] {task_command.py:467} INFO - Running <TaskInstance: crypto_dag.fetch_btc_infos scheduled__2025-02-19T18:00:00+00:00 [running]> on host b5b316343889
[2025-02-19T19:17:42.337+0000] {taskinstance.py:3134} INFO - Exporting env vars: AIRFLOW_CTX_DAG_OWNER='***' AIRFLOW_CTX_DAG_ID='crypto_dag' AIRFLOW_CTX_TASK_ID='fetch_btc_infos' AIRFLOW_CTX_EXECUTION_DATE='2025-02-19T18:00:00+00:00' AIRFLOW_CTX_TRY_NUMBER='1' AIRFLOW_CTX_DAG_RUN_ID='scheduled__2025-02-19T18:00:00+00:00'
[2025-02-19T19:17:42.338+0000] {taskinstance.py:732} INFO - ::endgroup::
[2025-02-19T19:17:42.669+0000] {crypto_dag.py:19} INFO - BTC dumped into 1739992662.667575.json 👍
[2025-02-19T19:17:42.735+0000] {python.py:240} INFO - Done. Returned value was: None
[2025-02-19T19:17:42.743+0000] {taskinstance.py:341} INFO - ::group::Post task execution logs
[2025-02-19T19:17:42.744+0000] {taskinstance.py:353} INFO - Marking task as SUCCESS. dag_id=crypto_dag, task_id=fetch_btc_infos, run_id=scheduled__2025-02-19T18:00:00+00:00, execution_date=20250219T180000, start_date=20250219T191742, end_date=20250219T191742
[2025-02-19T19:17:42.787+0000] {local_task_job_runner.py:266} INFO - Task exited with return code 0
[2025-02-19T19:17:42.798+0000] {taskinstance.py:3901} INFO - 1 downstream tasks scheduled from follow-on schedule check
[2025-02-19T19:17:42.799+0000] {local_task_job_runner.py:245} INFO - ::endgroup::
