[2025-02-19T18:52:26.546+0000] {processor.py:186} INFO - Started process (PID=63) to work on /home/airflow/.local/lib/python3.12/site-packages/airflow/example_dags/example_branch_datetime_operator.py
[2025-02-19T18:52:26.548+0000] {processor.py:914} INFO - Processing file /home/airflow/.local/lib/python3.12/site-packages/airflow/example_dags/example_branch_datetime_operator.py for tasks to queue
[2025-02-19T18:52:26.549+0000] {logging_mixin.py:190} INFO - [2025-02-19T18:52:26.549+0000] {dagbag.py:588} INFO - Filling up the DagBag from /home/airflow/.local/lib/python3.12/site-packages/airflow/example_dags/example_branch_datetime_operator.py
[2025-02-19T18:52:26.555+0000] {processor.py:925} INFO - DAG(s) 'example_branch_datetime_operator', 'example_branch_datetime_operator_3', 'example_branch_datetime_operator_2' retrieved from /home/airflow/.local/lib/python3.12/site-packages/airflow/example_dags/example_branch_datetime_operator.py
[2025-02-19T18:52:26.595+0000] {logging_mixin.py:190} INFO - [2025-02-19T18:52:26.595+0000] {override.py:1912} INFO - Created Permission View: can read on DAG:example_branch_datetime_operator
[2025-02-19T18:52:26.598+0000] {logging_mixin.py:190} INFO - [2025-02-19T18:52:26.598+0000] {override.py:1912} INFO - Created Permission View: can delete on DAG:example_branch_datetime_operator
[2025-02-19T18:52:26.600+0000] {logging_mixin.py:190} INFO - [2025-02-19T18:52:26.600+0000] {override.py:1912} INFO - Created Permission View: can edit on DAG:example_branch_datetime_operator
[2025-02-19T18:52:26.601+0000] {logging_mixin.py:190} INFO - [2025-02-19T18:52:26.601+0000] {override.py:1912} INFO - Created Permission View: can delete on DAG Run:example_branch_datetime_operator
[2025-02-19T18:52:26.603+0000] {logging_mixin.py:190} INFO - [2025-02-19T18:52:26.603+0000] {override.py:1912} INFO - Created Permission View: menu access on DAG Run:example_branch_datetime_operator
[2025-02-19T18:52:26.604+0000] {logging_mixin.py:190} INFO - [2025-02-19T18:52:26.604+0000] {override.py:1912} INFO - Created Permission View: can read on DAG Run:example_branch_datetime_operator
[2025-02-19T18:52:26.606+0000] {logging_mixin.py:190} INFO - [2025-02-19T18:52:26.606+0000] {override.py:1912} INFO - Created Permission View: can create on DAG Run:example_branch_datetime_operator
[2025-02-19T18:52:26.609+0000] {logging_mixin.py:190} INFO - [2025-02-19T18:52:26.609+0000] {override.py:1912} INFO - Created Permission View: can read on DAG:example_branch_datetime_operator_3
[2025-02-19T18:52:26.611+0000] {logging_mixin.py:190} INFO - [2025-02-19T18:52:26.610+0000] {override.py:1912} INFO - Created Permission View: can delete on DAG:example_branch_datetime_operator_3
[2025-02-19T18:52:26.613+0000] {logging_mixin.py:190} INFO - [2025-02-19T18:52:26.613+0000] {override.py:1912} INFO - Created Permission View: can edit on DAG:example_branch_datetime_operator_3
[2025-02-19T18:52:26.614+0000] {logging_mixin.py:190} INFO - [2025-02-19T18:52:26.614+0000] {override.py:1912} INFO - Created Permission View: can delete on DAG Run:example_branch_datetime_operator_3
[2025-02-19T18:52:26.615+0000] {logging_mixin.py:190} INFO - [2025-02-19T18:52:26.615+0000] {override.py:1912} INFO - Created Permission View: menu access on DAG Run:example_branch_datetime_operator_3
[2025-02-19T18:52:26.617+0000] {logging_mixin.py:190} INFO - [2025-02-19T18:52:26.617+0000] {override.py:1912} INFO - Created Permission View: can read on DAG Run:example_branch_datetime_operator_3
[2025-02-19T18:52:26.618+0000] {logging_mixin.py:190} INFO - [2025-02-19T18:52:26.618+0000] {override.py:1912} INFO - Created Permission View: can create on DAG Run:example_branch_datetime_operator_3
[2025-02-19T18:52:26.624+0000] {logging_mixin.py:190} INFO - [2025-02-19T18:52:26.624+0000] {override.py:1912} INFO - Created Permission View: can read on DAG:example_branch_datetime_operator_2
[2025-02-19T18:52:26.627+0000] {logging_mixin.py:190} INFO - [2025-02-19T18:52:26.627+0000] {override.py:1912} INFO - Created Permission View: can delete on DAG:example_branch_datetime_operator_2
[2025-02-19T18:52:26.631+0000] {logging_mixin.py:190} INFO - [2025-02-19T18:52:26.631+0000] {override.py:1912} INFO - Created Permission View: can edit on DAG:example_branch_datetime_operator_2
[2025-02-19T18:52:26.632+0000] {logging_mixin.py:190} INFO - [2025-02-19T18:52:26.632+0000] {override.py:1912} INFO - Created Permission View: can delete on DAG Run:example_branch_datetime_operator_2
[2025-02-19T18:52:26.634+0000] {logging_mixin.py:190} INFO - [2025-02-19T18:52:26.634+0000] {override.py:1912} INFO - Created Permission View: menu access on DAG Run:example_branch_datetime_operator_2
[2025-02-19T18:52:26.635+0000] {logging_mixin.py:190} INFO - [2025-02-19T18:52:26.635+0000] {override.py:1912} INFO - Created Permission View: can read on DAG Run:example_branch_datetime_operator_2
[2025-02-19T18:52:26.637+0000] {logging_mixin.py:190} INFO - [2025-02-19T18:52:26.637+0000] {override.py:1912} INFO - Created Permission View: can create on DAG Run:example_branch_datetime_operator_2
[2025-02-19T18:52:26.637+0000] {logging_mixin.py:190} INFO - [2025-02-19T18:52:26.637+0000] {dag.py:3239} INFO - Sync 3 DAGs
[2025-02-19T18:52:26.642+0000] {logging_mixin.py:190} INFO - [2025-02-19T18:52:26.642+0000] {dag.py:3262} INFO - Creating ORM DAG for example_branch_datetime_operator_3
[2025-02-19T18:52:26.642+0000] {logging_mixin.py:190} INFO - [2025-02-19T18:52:26.642+0000] {dag.py:3262} INFO - Creating ORM DAG for example_branch_datetime_operator_2
[2025-02-19T18:52:26.642+0000] {logging_mixin.py:190} INFO - [2025-02-19T18:52:26.642+0000] {dag.py:3262} INFO - Creating ORM DAG for example_branch_datetime_operator
[2025-02-19T18:52:26.646+0000] {logging_mixin.py:190} INFO - [2025-02-19T18:52:26.646+0000] {dag.py:4180} INFO - Setting next_dagrun for example_branch_datetime_operator to 2025-02-18 00:00:00+00:00, run_after=2025-02-19 00:00:00+00:00
[2025-02-19T18:52:26.647+0000] {logging_mixin.py:190} INFO - [2025-02-19T18:52:26.647+0000] {dag.py:4180} INFO - Setting next_dagrun for example_branch_datetime_operator_2 to 2025-02-18 00:00:00+00:00, run_after=2025-02-19 00:00:00+00:00
[2025-02-19T18:52:26.647+0000] {logging_mixin.py:190} INFO - [2025-02-19T18:52:26.647+0000] {dag.py:4180} INFO - Setting next_dagrun for example_branch_datetime_operator_3 to 2025-02-18 00:00:00+00:00, run_after=2025-02-19 00:00:00+00:00
[2025-02-19T18:52:26.652+0000] {processor.py:208} INFO - Processing /home/airflow/.local/lib/python3.12/site-packages/airflow/example_dags/example_branch_datetime_operator.py took 0.109 seconds
