[2025-02-19T18:52:27.607+0000] {processor.py:186} INFO - Started process (PID=78) to work on /home/airflow/.local/lib/python3.12/site-packages/airflow/example_dags/example_inlet_event_extra.py
[2025-02-19T18:52:27.608+0000] {processor.py:914} INFO - Processing file /home/airflow/.local/lib/python3.12/site-packages/airflow/example_dags/example_inlet_event_extra.py for tasks to queue
[2025-02-19T18:52:27.609+0000] {logging_mixin.py:190} INFO - [2025-02-19T18:52:27.609+0000] {dagbag.py:588} INFO - Filling up the DagBag from /home/airflow/.local/lib/python3.12/site-packages/airflow/example_dags/example_inlet_event_extra.py
[2025-02-19T18:52:27.893+0000] {processor.py:925} INFO - DAG(s) 'read_dataset_event', 'read_dataset_event_from_classic' retrieved from /home/airflow/.local/lib/python3.12/site-packages/airflow/example_dags/example_inlet_event_extra.py
[2025-02-19T18:52:27.924+0000] {logging_mixin.py:190} INFO - [2025-02-19T18:52:27.924+0000] {override.py:1912} INFO - Created Permission View: can read on DAG:read_dataset_event
[2025-02-19T18:52:27.927+0000] {logging_mixin.py:190} INFO - [2025-02-19T18:52:27.927+0000] {override.py:1912} INFO - Created Permission View: can delete on DAG:read_dataset_event
[2025-02-19T18:52:27.928+0000] {logging_mixin.py:190} INFO - [2025-02-19T18:52:27.928+0000] {override.py:1912} INFO - Created Permission View: can edit on DAG:read_dataset_event
[2025-02-19T18:52:27.930+0000] {logging_mixin.py:190} INFO - [2025-02-19T18:52:27.930+0000] {override.py:1912} INFO - Created Permission View: can delete on DAG Run:read_dataset_event
[2025-02-19T18:52:27.933+0000] {logging_mixin.py:190} INFO - [2025-02-19T18:52:27.932+0000] {override.py:1912} INFO - Created Permission View: menu access on DAG Run:read_dataset_event
[2025-02-19T18:52:27.934+0000] {logging_mixin.py:190} INFO - [2025-02-19T18:52:27.934+0000] {override.py:1912} INFO - Created Permission View: can read on DAG Run:read_dataset_event
[2025-02-19T18:52:27.936+0000] {logging_mixin.py:190} INFO - [2025-02-19T18:52:27.935+0000] {override.py:1912} INFO - Created Permission View: can create on DAG Run:read_dataset_event
[2025-02-19T18:52:27.939+0000] {logging_mixin.py:190} INFO - [2025-02-19T18:52:27.938+0000] {override.py:1912} INFO - Created Permission View: can read on DAG:read_dataset_event_from_classic
[2025-02-19T18:52:27.940+0000] {logging_mixin.py:190} INFO - [2025-02-19T18:52:27.940+0000] {override.py:1912} INFO - Created Permission View: can delete on DAG:read_dataset_event_from_classic
[2025-02-19T18:52:27.941+0000] {logging_mixin.py:190} INFO - [2025-02-19T18:52:27.941+0000] {override.py:1912} INFO - Created Permission View: can edit on DAG:read_dataset_event_from_classic
[2025-02-19T18:52:27.942+0000] {logging_mixin.py:190} INFO - [2025-02-19T18:52:27.942+0000] {override.py:1912} INFO - Created Permission View: can delete on DAG Run:read_dataset_event_from_classic
[2025-02-19T18:52:27.944+0000] {logging_mixin.py:190} INFO - [2025-02-19T18:52:27.944+0000] {override.py:1912} INFO - Created Permission View: menu access on DAG Run:read_dataset_event_from_classic
[2025-02-19T18:52:27.945+0000] {logging_mixin.py:190} INFO - [2025-02-19T18:52:27.945+0000] {override.py:1912} INFO - Created Permission View: can read on DAG Run:read_dataset_event_from_classic
[2025-02-19T18:52:27.947+0000] {logging_mixin.py:190} INFO - [2025-02-19T18:52:27.947+0000] {override.py:1912} INFO - Created Permission View: can create on DAG Run:read_dataset_event_from_classic
[2025-02-19T18:52:27.947+0000] {logging_mixin.py:190} INFO - [2025-02-19T18:52:27.947+0000] {dag.py:3239} INFO - Sync 2 DAGs
[2025-02-19T18:52:27.955+0000] {logging_mixin.py:190} INFO - [2025-02-19T18:52:27.955+0000] {dag.py:3262} INFO - Creating ORM DAG for read_dataset_event_from_classic
[2025-02-19T18:52:27.955+0000] {logging_mixin.py:190} INFO - [2025-02-19T18:52:27.955+0000] {dag.py:3262} INFO - Creating ORM DAG for read_dataset_event
[2025-02-19T18:52:27.960+0000] {logging_mixin.py:190} INFO - [2025-02-19T18:52:27.960+0000] {dag.py:4180} INFO - Setting next_dagrun for read_dataset_event to 2025-02-18 00:00:00+00:00, run_after=2025-02-19 00:00:00+00:00
[2025-02-19T18:52:27.961+0000] {logging_mixin.py:190} INFO - [2025-02-19T18:52:27.961+0000] {dag.py:4180} INFO - Setting next_dagrun for read_dataset_event_from_classic to 2025-02-18 00:00:00+00:00, run_after=2025-02-19 00:00:00+00:00
[2025-02-19T18:52:27.967+0000] {processor.py:208} INFO - Processing /home/airflow/.local/lib/python3.12/site-packages/airflow/example_dags/example_inlet_event_extra.py took 0.363 seconds
