[2025-02-19T18:52:27.761+0000] {processor.py:186} INFO - Started process (PID=80) to work on /home/airflow/.local/lib/python3.12/site-packages/airflow/example_dags/example_subdag_operator.py
[2025-02-19T18:52:27.761+0000] {processor.py:914} INFO - Processing file /home/airflow/.local/lib/python3.12/site-packages/airflow/example_dags/example_subdag_operator.py for tasks to queue
[2025-02-19T18:52:27.762+0000] {logging_mixin.py:190} INFO - [2025-02-19T18:52:27.762+0000] {dagbag.py:588} INFO - Filling up the DagBag from /home/airflow/.local/lib/python3.12/site-packages/airflow/example_dags/example_subdag_operator.py
[2025-02-19T18:52:27.776+0000] {processor.py:925} INFO - DAG(s) 'example_subdag_operator.section-1', 'example_subdag_operator.section-2', 'example_subdag_operator' retrieved from /home/airflow/.local/lib/python3.12/site-packages/airflow/example_dags/example_subdag_operator.py
[2025-02-19T18:52:27.818+0000] {logging_mixin.py:190} INFO - [2025-02-19T18:52:27.817+0000] {override.py:1912} INFO - Created Permission View: can read on DAG:example_subdag_operator
[2025-02-19T18:52:27.821+0000] {logging_mixin.py:190} INFO - [2025-02-19T18:52:27.821+0000] {override.py:1912} INFO - Created Permission View: can delete on DAG:example_subdag_operator
[2025-02-19T18:52:27.823+0000] {logging_mixin.py:190} INFO - [2025-02-19T18:52:27.823+0000] {override.py:1912} INFO - Created Permission View: can edit on DAG:example_subdag_operator
[2025-02-19T18:52:27.825+0000] {logging_mixin.py:190} INFO - [2025-02-19T18:52:27.825+0000] {override.py:1912} INFO - Created Permission View: can delete on DAG Run:example_subdag_operator
[2025-02-19T18:52:27.827+0000] {logging_mixin.py:190} INFO - [2025-02-19T18:52:27.827+0000] {override.py:1912} INFO - Created Permission View: menu access on DAG Run:example_subdag_operator
[2025-02-19T18:52:27.829+0000] {logging_mixin.py:190} INFO - [2025-02-19T18:52:27.829+0000] {override.py:1912} INFO - Created Permission View: can read on DAG Run:example_subdag_operator
[2025-02-19T18:52:27.831+0000] {logging_mixin.py:190} INFO - [2025-02-19T18:52:27.831+0000] {override.py:1912} INFO - Created Permission View: can create on DAG Run:example_subdag_operator
[2025-02-19T18:52:27.831+0000] {logging_mixin.py:190} INFO - [2025-02-19T18:52:27.831+0000] {dag.py:3239} INFO - Sync 3 DAGs
[2025-02-19T18:52:27.836+0000] {logging_mixin.py:190} INFO - [2025-02-19T18:52:27.836+0000] {dag.py:3262} INFO - Creating ORM DAG for example_subdag_operator
[2025-02-19T18:52:27.837+0000] {logging_mixin.py:190} INFO - [2025-02-19T18:52:27.836+0000] {dag.py:3262} INFO - Creating ORM DAG for example_subdag_operator.section-1
[2025-02-19T18:52:27.837+0000] {logging_mixin.py:190} INFO - [2025-02-19T18:52:27.837+0000] {dag.py:3262} INFO - Creating ORM DAG for example_subdag_operator.section-2
[2025-02-19T18:52:27.841+0000] {logging_mixin.py:190} INFO - [2025-02-19T18:52:27.841+0000] {dag.py:4180} INFO - Setting next_dagrun for example_subdag_operator to 2022-01-01 00:00:00+00:00, run_after=2022-01-01 00:00:00+00:00
[2025-02-19T18:52:27.841+0000] {logging_mixin.py:190} INFO - [2025-02-19T18:52:27.841+0000] {dag.py:4180} INFO - Setting next_dagrun for example_subdag_operator.section-1 to None, run_after=None
[2025-02-19T18:52:27.841+0000] {logging_mixin.py:190} INFO - [2025-02-19T18:52:27.841+0000] {dag.py:4180} INFO - Setting next_dagrun for example_subdag_operator.section-2 to None, run_after=None
[2025-02-19T18:52:27.845+0000] {logging_mixin.py:190} INFO - [2025-02-19T18:52:27.845+0000] {dag.py:3239} INFO - Sync 2 DAGs
[2025-02-19T18:52:27.853+0000] {logging_mixin.py:190} INFO - [2025-02-19T18:52:27.853+0000] {dag.py:4180} INFO - Setting next_dagrun for example_subdag_operator.section-1 to None, run_after=None
[2025-02-19T18:52:27.856+0000] {logging_mixin.py:190} INFO - [2025-02-19T18:52:27.856+0000] {dag.py:4180} INFO - Setting next_dagrun for example_subdag_operator.section-2 to None, run_after=None
[2025-02-19T18:52:27.863+0000] {processor.py:208} INFO - Processing /home/airflow/.local/lib/python3.12/site-packages/airflow/example_dags/example_subdag_operator.py took 0.106 seconds
