[2025-02-19T18:52:25.654+0000] {processor.py:186} INFO - Started process (PID=52) to work on /home/airflow/.local/lib/python3.12/site-packages/airflow/example_dags/example_external_task_marker_dag.py
[2025-02-19T18:52:25.654+0000] {processor.py:914} INFO - Processing file /home/airflow/.local/lib/python3.12/site-packages/airflow/example_dags/example_external_task_marker_dag.py for tasks to queue
[2025-02-19T18:52:25.655+0000] {logging_mixin.py:190} INFO - [2025-02-19T18:52:25.655+0000] {dagbag.py:588} INFO - Filling up the DagBag from /home/airflow/.local/lib/python3.12/site-packages/airflow/example_dags/example_external_task_marker_dag.py
[2025-02-19T18:52:25.659+0000] {processor.py:925} INFO - DAG(s) 'example_external_task_marker_child', 'example_external_task_marker_parent' retrieved from /home/airflow/.local/lib/python3.12/site-packages/airflow/example_dags/example_external_task_marker_dag.py
[2025-02-19T18:52:25.697+0000] {logging_mixin.py:190} INFO - [2025-02-19T18:52:25.696+0000] {override.py:1912} INFO - Created Permission View: can read on DAG:example_external_task_marker_child
[2025-02-19T18:52:25.700+0000] {logging_mixin.py:190} INFO - [2025-02-19T18:52:25.699+0000] {override.py:1912} INFO - Created Permission View: can delete on DAG:example_external_task_marker_child
[2025-02-19T18:52:25.702+0000] {logging_mixin.py:190} INFO - [2025-02-19T18:52:25.701+0000] {override.py:1912} INFO - Created Permission View: can edit on DAG:example_external_task_marker_child
[2025-02-19T18:52:25.703+0000] {logging_mixin.py:190} INFO - [2025-02-19T18:52:25.703+0000] {override.py:1912} INFO - Created Permission View: can delete on DAG Run:example_external_task_marker_child
[2025-02-19T18:52:25.705+0000] {logging_mixin.py:190} INFO - [2025-02-19T18:52:25.705+0000] {override.py:1912} INFO - Created Permission View: menu access on DAG Run:example_external_task_marker_child
[2025-02-19T18:52:25.706+0000] {logging_mixin.py:190} INFO - [2025-02-19T18:52:25.706+0000] {override.py:1912} INFO - Created Permission View: can read on DAG Run:example_external_task_marker_child
[2025-02-19T18:52:25.708+0000] {logging_mixin.py:190} INFO - [2025-02-19T18:52:25.708+0000] {override.py:1912} INFO - Created Permission View: can create on DAG Run:example_external_task_marker_child
[2025-02-19T18:52:25.712+0000] {logging_mixin.py:190} INFO - [2025-02-19T18:52:25.711+0000] {override.py:1912} INFO - Created Permission View: can read on DAG:example_external_task_marker_parent
[2025-02-19T18:52:25.713+0000] {logging_mixin.py:190} INFO - [2025-02-19T18:52:25.713+0000] {override.py:1912} INFO - Created Permission View: can delete on DAG:example_external_task_marker_parent
[2025-02-19T18:52:25.715+0000] {logging_mixin.py:190} INFO - [2025-02-19T18:52:25.715+0000] {override.py:1912} INFO - Created Permission View: can edit on DAG:example_external_task_marker_parent
[2025-02-19T18:52:25.716+0000] {logging_mixin.py:190} INFO - [2025-02-19T18:52:25.716+0000] {override.py:1912} INFO - Created Permission View: can delete on DAG Run:example_external_task_marker_parent
[2025-02-19T18:52:25.718+0000] {logging_mixin.py:190} INFO - [2025-02-19T18:52:25.718+0000] {override.py:1912} INFO - Created Permission View: menu access on DAG Run:example_external_task_marker_parent
[2025-02-19T18:52:25.719+0000] {logging_mixin.py:190} INFO - [2025-02-19T18:52:25.719+0000] {override.py:1912} INFO - Created Permission View: can read on DAG Run:example_external_task_marker_parent
[2025-02-19T18:52:25.720+0000] {logging_mixin.py:190} INFO - [2025-02-19T18:52:25.720+0000] {override.py:1912} INFO - Created Permission View: can create on DAG Run:example_external_task_marker_parent
[2025-02-19T18:52:25.720+0000] {logging_mixin.py:190} INFO - [2025-02-19T18:52:25.720+0000] {dag.py:3239} INFO - Sync 2 DAGs
[2025-02-19T18:52:25.726+0000] {logging_mixin.py:190} INFO - [2025-02-19T18:52:25.726+0000] {dag.py:3262} INFO - Creating ORM DAG for example_external_task_marker_parent
[2025-02-19T18:52:25.726+0000] {logging_mixin.py:190} INFO - [2025-02-19T18:52:25.726+0000] {dag.py:3262} INFO - Creating ORM DAG for example_external_task_marker_child
[2025-02-19T18:52:25.726+0000] {logging_mixin.py:190} INFO - [2025-02-19T18:52:25.726+0000] {dag.py:4180} INFO - Setting next_dagrun for example_external_task_marker_child to None, run_after=None
[2025-02-19T18:52:25.726+0000] {logging_mixin.py:190} INFO - [2025-02-19T18:52:25.726+0000] {dag.py:4180} INFO - Setting next_dagrun for example_external_task_marker_parent to None, run_after=None
[2025-02-19T18:52:25.737+0000] {processor.py:208} INFO - Processing /home/airflow/.local/lib/python3.12/site-packages/airflow/example_dags/example_external_task_marker_dag.py took 0.086 seconds
