[2025-02-19T18:52:25.254+0000] {processor.py:186} INFO - Started process (PID=48) to work on /home/airflow/.local/lib/python3.12/site-packages/airflow/example_dags/example_dataset_alias.py
[2025-02-19T18:52:25.256+0000] {processor.py:914} INFO - Processing file /home/airflow/.local/lib/python3.12/site-packages/airflow/example_dags/example_dataset_alias.py for tasks to queue
[2025-02-19T18:52:25.257+0000] {logging_mixin.py:190} INFO - [2025-02-19T18:52:25.257+0000] {dagbag.py:588} INFO - Filling up the DagBag from /home/airflow/.local/lib/python3.12/site-packages/airflow/example_dags/example_dataset_alias.py
[2025-02-19T18:52:26.111+0000] {processor.py:925} INFO - DAG(s) 'dataset_alias_example_alias_producer', 'dataset_s3_bucket_consumer', 'dataset_alias_example_alias_consumer', 'dataset_s3_bucket_producer' retrieved from /home/airflow/.local/lib/python3.12/site-packages/airflow/example_dags/example_dataset_alias.py
[2025-02-19T18:52:26.143+0000] {logging_mixin.py:190} INFO - [2025-02-19T18:52:26.143+0000] {override.py:1912} INFO - Created Permission View: can read on DAG:dataset_alias_example_alias_producer
[2025-02-19T18:52:26.146+0000] {logging_mixin.py:190} INFO - [2025-02-19T18:52:26.146+0000] {override.py:1912} INFO - Created Permission View: can delete on DAG:dataset_alias_example_alias_producer
[2025-02-19T18:52:26.148+0000] {logging_mixin.py:190} INFO - [2025-02-19T18:52:26.148+0000] {override.py:1912} INFO - Created Permission View: can edit on DAG:dataset_alias_example_alias_producer
[2025-02-19T18:52:26.149+0000] {logging_mixin.py:190} INFO - [2025-02-19T18:52:26.149+0000] {override.py:1912} INFO - Created Permission View: can delete on DAG Run:dataset_alias_example_alias_producer
[2025-02-19T18:52:26.151+0000] {logging_mixin.py:190} INFO - [2025-02-19T18:52:26.151+0000] {override.py:1912} INFO - Created Permission View: menu access on DAG Run:dataset_alias_example_alias_producer
[2025-02-19T18:52:26.152+0000] {logging_mixin.py:190} INFO - [2025-02-19T18:52:26.152+0000] {override.py:1912} INFO - Created Permission View: can read on DAG Run:dataset_alias_example_alias_producer
[2025-02-19T18:52:26.155+0000] {logging_mixin.py:190} INFO - [2025-02-19T18:52:26.155+0000] {override.py:1912} INFO - Created Permission View: can create on DAG Run:dataset_alias_example_alias_producer
[2025-02-19T18:52:26.159+0000] {logging_mixin.py:190} INFO - [2025-02-19T18:52:26.159+0000] {override.py:1912} INFO - Created Permission View: can read on DAG:dataset_s3_bucket_consumer
[2025-02-19T18:52:26.161+0000] {logging_mixin.py:190} INFO - [2025-02-19T18:52:26.161+0000] {override.py:1912} INFO - Created Permission View: can delete on DAG:dataset_s3_bucket_consumer
[2025-02-19T18:52:26.163+0000] {logging_mixin.py:190} INFO - [2025-02-19T18:52:26.162+0000] {override.py:1912} INFO - Created Permission View: can edit on DAG:dataset_s3_bucket_consumer
[2025-02-19T18:52:26.164+0000] {logging_mixin.py:190} INFO - [2025-02-19T18:52:26.164+0000] {override.py:1912} INFO - Created Permission View: can delete on DAG Run:dataset_s3_bucket_consumer
[2025-02-19T18:52:26.165+0000] {logging_mixin.py:190} INFO - [2025-02-19T18:52:26.165+0000] {override.py:1912} INFO - Created Permission View: menu access on DAG Run:dataset_s3_bucket_consumer
[2025-02-19T18:52:26.166+0000] {logging_mixin.py:190} INFO - [2025-02-19T18:52:26.166+0000] {override.py:1912} INFO - Created Permission View: can read on DAG Run:dataset_s3_bucket_consumer
[2025-02-19T18:52:26.168+0000] {logging_mixin.py:190} INFO - [2025-02-19T18:52:26.168+0000] {override.py:1912} INFO - Created Permission View: can create on DAG Run:dataset_s3_bucket_consumer
[2025-02-19T18:52:26.171+0000] {logging_mixin.py:190} INFO - [2025-02-19T18:52:26.171+0000] {override.py:1912} INFO - Created Permission View: can read on DAG:dataset_alias_example_alias_consumer
[2025-02-19T18:52:26.172+0000] {logging_mixin.py:190} INFO - [2025-02-19T18:52:26.172+0000] {override.py:1912} INFO - Created Permission View: can delete on DAG:dataset_alias_example_alias_consumer
[2025-02-19T18:52:26.174+0000] {logging_mixin.py:190} INFO - [2025-02-19T18:52:26.174+0000] {override.py:1912} INFO - Created Permission View: can edit on DAG:dataset_alias_example_alias_consumer
[2025-02-19T18:52:26.175+0000] {logging_mixin.py:190} INFO - [2025-02-19T18:52:26.175+0000] {override.py:1912} INFO - Created Permission View: can delete on DAG Run:dataset_alias_example_alias_consumer
[2025-02-19T18:52:26.177+0000] {logging_mixin.py:190} INFO - [2025-02-19T18:52:26.177+0000] {override.py:1912} INFO - Created Permission View: menu access on DAG Run:dataset_alias_example_alias_consumer
[2025-02-19T18:52:26.178+0000] {logging_mixin.py:190} INFO - [2025-02-19T18:52:26.178+0000] {override.py:1912} INFO - Created Permission View: can read on DAG Run:dataset_alias_example_alias_consumer
[2025-02-19T18:52:26.180+0000] {logging_mixin.py:190} INFO - [2025-02-19T18:52:26.179+0000] {override.py:1912} INFO - Created Permission View: can create on DAG Run:dataset_alias_example_alias_consumer
[2025-02-19T18:52:26.182+0000] {logging_mixin.py:190} INFO - [2025-02-19T18:52:26.182+0000] {override.py:1912} INFO - Created Permission View: can read on DAG:dataset_s3_bucket_producer
[2025-02-19T18:52:26.189+0000] {logging_mixin.py:190} INFO - [2025-02-19T18:52:26.189+0000] {override.py:1912} INFO - Created Permission View: can delete on DAG:dataset_s3_bucket_producer
[2025-02-19T18:52:26.191+0000] {logging_mixin.py:190} INFO - [2025-02-19T18:52:26.191+0000] {override.py:1912} INFO - Created Permission View: can edit on DAG:dataset_s3_bucket_producer
[2025-02-19T18:52:26.193+0000] {logging_mixin.py:190} INFO - [2025-02-19T18:52:26.193+0000] {override.py:1912} INFO - Created Permission View: can delete on DAG Run:dataset_s3_bucket_producer
[2025-02-19T18:52:26.197+0000] {logging_mixin.py:190} INFO - [2025-02-19T18:52:26.197+0000] {override.py:1912} INFO - Created Permission View: menu access on DAG Run:dataset_s3_bucket_producer
[2025-02-19T18:52:26.203+0000] {logging_mixin.py:190} INFO - [2025-02-19T18:52:26.202+0000] {override.py:1912} INFO - Created Permission View: can read on DAG Run:dataset_s3_bucket_producer
[2025-02-19T18:52:26.205+0000] {logging_mixin.py:190} INFO - [2025-02-19T18:52:26.205+0000] {override.py:1912} INFO - Created Permission View: can create on DAG Run:dataset_s3_bucket_producer
[2025-02-19T18:52:26.205+0000] {logging_mixin.py:190} INFO - [2025-02-19T18:52:26.205+0000] {dag.py:3239} INFO - Sync 4 DAGs
[2025-02-19T18:52:26.211+0000] {logging_mixin.py:190} INFO - [2025-02-19T18:52:26.211+0000] {dag.py:3262} INFO - Creating ORM DAG for dataset_s3_bucket_consumer
[2025-02-19T18:52:26.211+0000] {logging_mixin.py:190} INFO - [2025-02-19T18:52:26.211+0000] {dag.py:3262} INFO - Creating ORM DAG for dataset_alias_example_alias_producer
[2025-02-19T18:52:26.211+0000] {logging_mixin.py:190} INFO - [2025-02-19T18:52:26.211+0000] {dag.py:3262} INFO - Creating ORM DAG for dataset_s3_bucket_producer
[2025-02-19T18:52:26.212+0000] {logging_mixin.py:190} INFO - [2025-02-19T18:52:26.212+0000] {dag.py:3262} INFO - Creating ORM DAG for dataset_alias_example_alias_consumer
[2025-02-19T18:52:26.216+0000] {logging_mixin.py:190} INFO - [2025-02-19T18:52:26.216+0000] {dag.py:4180} INFO - Setting next_dagrun for dataset_alias_example_alias_consumer to None, run_after=None
[2025-02-19T18:52:26.216+0000] {logging_mixin.py:190} INFO - [2025-02-19T18:52:26.216+0000] {dag.py:4180} INFO - Setting next_dagrun for dataset_alias_example_alias_producer to None, run_after=None
[2025-02-19T18:52:26.217+0000] {logging_mixin.py:190} INFO - [2025-02-19T18:52:26.217+0000] {dag.py:4180} INFO - Setting next_dagrun for dataset_s3_bucket_consumer to None, run_after=None
[2025-02-19T18:52:26.217+0000] {logging_mixin.py:190} INFO - [2025-02-19T18:52:26.217+0000] {dag.py:4180} INFO - Setting next_dagrun for dataset_s3_bucket_producer to None, run_after=None
[2025-02-19T18:52:26.227+0000] {processor.py:208} INFO - Processing /home/airflow/.local/lib/python3.12/site-packages/airflow/example_dags/example_dataset_alias.py took 0.981 seconds
