[2025-02-19T18:52:26.666+0000] {processor.py:186} INFO - Started process (PID=66) to work on /home/airflow/.local/lib/python3.12/site-packages/airflow/example_dags/example_dataset_alias_with_no_taskflow.py
[2025-02-19T18:52:26.666+0000] {processor.py:914} INFO - Processing file /home/airflow/.local/lib/python3.12/site-packages/airflow/example_dags/example_dataset_alias_with_no_taskflow.py for tasks to queue
[2025-02-19T18:52:26.667+0000] {logging_mixin.py:190} INFO - [2025-02-19T18:52:26.667+0000] {dagbag.py:588} INFO - Filling up the DagBag from /home/airflow/.local/lib/python3.12/site-packages/airflow/example_dags/example_dataset_alias_with_no_taskflow.py
[2025-02-19T18:52:26.945+0000] {processor.py:925} INFO - DAG(s) 'dataset_s3_bucket_producer_with_no_taskflow', 'dataset_alias_example_alias_consumer_with_no_taskflow', 'dataset_alias_example_alias_producer_with_no_taskflow', 'dataset_s3_bucket_consumer_with_no_taskflow' retrieved from /home/airflow/.local/lib/python3.12/site-packages/airflow/example_dags/example_dataset_alias_with_no_taskflow.py
[2025-02-19T18:52:26.985+0000] {logging_mixin.py:190} INFO - [2025-02-19T18:52:26.985+0000] {override.py:1912} INFO - Created Permission View: can read on DAG:dataset_s3_bucket_producer_with_no_taskflow
[2025-02-19T18:52:26.988+0000] {logging_mixin.py:190} INFO - [2025-02-19T18:52:26.988+0000] {override.py:1912} INFO - Created Permission View: can delete on DAG:dataset_s3_bucket_producer_with_no_taskflow
[2025-02-19T18:52:26.990+0000] {logging_mixin.py:190} INFO - [2025-02-19T18:52:26.990+0000] {override.py:1912} INFO - Created Permission View: can edit on DAG:dataset_s3_bucket_producer_with_no_taskflow
[2025-02-19T18:52:26.992+0000] {logging_mixin.py:190} INFO - [2025-02-19T18:52:26.992+0000] {override.py:1912} INFO - Created Permission View: can delete on DAG Run:dataset_s3_bucket_producer_with_no_taskflow
[2025-02-19T18:52:26.995+0000] {logging_mixin.py:190} INFO - [2025-02-19T18:52:26.995+0000] {override.py:1912} INFO - Created Permission View: menu access on DAG Run:dataset_s3_bucket_producer_with_no_taskflow
[2025-02-19T18:52:26.998+0000] {logging_mixin.py:190} INFO - [2025-02-19T18:52:26.998+0000] {override.py:1912} INFO - Created Permission View: can read on DAG Run:dataset_s3_bucket_producer_with_no_taskflow
[2025-02-19T18:52:27.001+0000] {logging_mixin.py:190} INFO - [2025-02-19T18:52:27.001+0000] {override.py:1912} INFO - Created Permission View: can create on DAG Run:dataset_s3_bucket_producer_with_no_taskflow
[2025-02-19T18:52:27.005+0000] {logging_mixin.py:190} INFO - [2025-02-19T18:52:27.005+0000] {override.py:1912} INFO - Created Permission View: can read on DAG:dataset_alias_example_alias_consumer_with_no_taskflow
[2025-02-19T18:52:27.007+0000] {logging_mixin.py:190} INFO - [2025-02-19T18:52:27.007+0000] {override.py:1912} INFO - Created Permission View: can delete on DAG:dataset_alias_example_alias_consumer_with_no_taskflow
[2025-02-19T18:52:27.009+0000] {logging_mixin.py:190} INFO - [2025-02-19T18:52:27.009+0000] {override.py:1912} INFO - Created Permission View: can edit on DAG:dataset_alias_example_alias_consumer_with_no_taskflow
[2025-02-19T18:52:27.011+0000] {logging_mixin.py:190} INFO - [2025-02-19T18:52:27.011+0000] {override.py:1912} INFO - Created Permission View: can delete on DAG Run:dataset_alias_example_alias_consumer_with_no_taskflow
[2025-02-19T18:52:27.013+0000] {logging_mixin.py:190} INFO - [2025-02-19T18:52:27.013+0000] {override.py:1912} INFO - Created Permission View: menu access on DAG Run:dataset_alias_example_alias_consumer_with_no_taskflow
[2025-02-19T18:52:27.015+0000] {logging_mixin.py:190} INFO - [2025-02-19T18:52:27.015+0000] {override.py:1912} INFO - Created Permission View: can read on DAG Run:dataset_alias_example_alias_consumer_with_no_taskflow
[2025-02-19T18:52:27.016+0000] {logging_mixin.py:190} INFO - [2025-02-19T18:52:27.016+0000] {override.py:1912} INFO - Created Permission View: can create on DAG Run:dataset_alias_example_alias_consumer_with_no_taskflow
[2025-02-19T18:52:27.020+0000] {logging_mixin.py:190} INFO - [2025-02-19T18:52:27.020+0000] {override.py:1912} INFO - Created Permission View: can read on DAG:dataset_alias_example_alias_producer_with_no_taskflow
[2025-02-19T18:52:27.022+0000] {logging_mixin.py:190} INFO - [2025-02-19T18:52:27.022+0000] {override.py:1912} INFO - Created Permission View: can delete on DAG:dataset_alias_example_alias_producer_with_no_taskflow
[2025-02-19T18:52:27.024+0000] {logging_mixin.py:190} INFO - [2025-02-19T18:52:27.024+0000] {override.py:1912} INFO - Created Permission View: can edit on DAG:dataset_alias_example_alias_producer_with_no_taskflow
[2025-02-19T18:52:27.025+0000] {logging_mixin.py:190} INFO - [2025-02-19T18:52:27.025+0000] {override.py:1912} INFO - Created Permission View: can delete on DAG Run:dataset_alias_example_alias_producer_with_no_taskflow
[2025-02-19T18:52:27.027+0000] {logging_mixin.py:190} INFO - [2025-02-19T18:52:27.027+0000] {override.py:1912} INFO - Created Permission View: menu access on DAG Run:dataset_alias_example_alias_producer_with_no_taskflow
[2025-02-19T18:52:27.029+0000] {logging_mixin.py:190} INFO - [2025-02-19T18:52:27.028+0000] {override.py:1912} INFO - Created Permission View: can read on DAG Run:dataset_alias_example_alias_producer_with_no_taskflow
[2025-02-19T18:52:27.030+0000] {logging_mixin.py:190} INFO - [2025-02-19T18:52:27.030+0000] {override.py:1912} INFO - Created Permission View: can create on DAG Run:dataset_alias_example_alias_producer_with_no_taskflow
[2025-02-19T18:52:27.035+0000] {logging_mixin.py:190} INFO - [2025-02-19T18:52:27.034+0000] {override.py:1912} INFO - Created Permission View: can read on DAG:dataset_s3_bucket_consumer_with_no_taskflow
[2025-02-19T18:52:27.037+0000] {logging_mixin.py:190} INFO - [2025-02-19T18:52:27.037+0000] {override.py:1912} INFO - Created Permission View: can delete on DAG:dataset_s3_bucket_consumer_with_no_taskflow
[2025-02-19T18:52:27.039+0000] {logging_mixin.py:190} INFO - [2025-02-19T18:52:27.039+0000] {override.py:1912} INFO - Created Permission View: can edit on DAG:dataset_s3_bucket_consumer_with_no_taskflow
[2025-02-19T18:52:27.041+0000] {logging_mixin.py:190} INFO - [2025-02-19T18:52:27.041+0000] {override.py:1912} INFO - Created Permission View: can delete on DAG Run:dataset_s3_bucket_consumer_with_no_taskflow
[2025-02-19T18:52:27.046+0000] {logging_mixin.py:190} INFO - [2025-02-19T18:52:27.045+0000] {override.py:1912} INFO - Created Permission View: menu access on DAG Run:dataset_s3_bucket_consumer_with_no_taskflow
[2025-02-19T18:52:27.050+0000] {logging_mixin.py:190} INFO - [2025-02-19T18:52:27.049+0000] {override.py:1912} INFO - Created Permission View: can read on DAG Run:dataset_s3_bucket_consumer_with_no_taskflow
[2025-02-19T18:52:27.059+0000] {logging_mixin.py:190} INFO - [2025-02-19T18:52:27.056+0000] {override.py:1912} INFO - Created Permission View: can create on DAG Run:dataset_s3_bucket_consumer_with_no_taskflow
[2025-02-19T18:52:27.061+0000] {logging_mixin.py:190} INFO - [2025-02-19T18:52:27.060+0000] {dag.py:3239} INFO - Sync 4 DAGs
[2025-02-19T18:52:27.073+0000] {logging_mixin.py:190} INFO - [2025-02-19T18:52:27.072+0000] {dag.py:3262} INFO - Creating ORM DAG for dataset_s3_bucket_consumer_with_no_taskflow
[2025-02-19T18:52:27.074+0000] {logging_mixin.py:190} INFO - [2025-02-19T18:52:27.073+0000] {dag.py:3262} INFO - Creating ORM DAG for dataset_s3_bucket_producer_with_no_taskflow
[2025-02-19T18:52:27.074+0000] {logging_mixin.py:190} INFO - [2025-02-19T18:52:27.074+0000] {dag.py:3262} INFO - Creating ORM DAG for dataset_alias_example_alias_producer_with_no_taskflow
[2025-02-19T18:52:27.075+0000] {logging_mixin.py:190} INFO - [2025-02-19T18:52:27.074+0000] {dag.py:3262} INFO - Creating ORM DAG for dataset_alias_example_alias_consumer_with_no_taskflow
[2025-02-19T18:52:27.082+0000] {logging_mixin.py:190} INFO - [2025-02-19T18:52:27.082+0000] {dag.py:4180} INFO - Setting next_dagrun for dataset_alias_example_alias_consumer_with_no_taskflow to None, run_after=None
[2025-02-19T18:52:27.082+0000] {logging_mixin.py:190} INFO - [2025-02-19T18:52:27.082+0000] {dag.py:4180} INFO - Setting next_dagrun for dataset_alias_example_alias_producer_with_no_taskflow to None, run_after=None
[2025-02-19T18:52:27.083+0000] {logging_mixin.py:190} INFO - [2025-02-19T18:52:27.083+0000] {dag.py:4180} INFO - Setting next_dagrun for dataset_s3_bucket_consumer_with_no_taskflow to None, run_after=None
[2025-02-19T18:52:27.083+0000] {logging_mixin.py:190} INFO - [2025-02-19T18:52:27.083+0000] {dag.py:4180} INFO - Setting next_dagrun for dataset_s3_bucket_producer_with_no_taskflow to None, run_after=None
[2025-02-19T18:52:27.095+0000] {processor.py:208} INFO - Processing /home/airflow/.local/lib/python3.12/site-packages/airflow/example_dags/example_dataset_alias_with_no_taskflow.py took 0.432 seconds
