[2025-02-19T18:52:27.875+0000] {processor.py:186} INFO - Started process (PID=81) to work on /home/airflow/.local/lib/python3.12/site-packages/airflow/example_dags/example_xcomargs.py
[2025-02-19T18:52:27.875+0000] {processor.py:914} INFO - Processing file /home/airflow/.local/lib/python3.12/site-packages/airflow/example_dags/example_xcomargs.py for tasks to queue
[2025-02-19T18:52:27.876+0000] {logging_mixin.py:190} INFO - [2025-02-19T18:52:27.876+0000] {dagbag.py:588} INFO - Filling up the DagBag from /home/airflow/.local/lib/python3.12/site-packages/airflow/example_dags/example_xcomargs.py
[2025-02-19T18:52:27.881+0000] {processor.py:925} INFO - DAG(s) 'example_xcom_args_with_operators', 'example_xcom_args' retrieved from /home/airflow/.local/lib/python3.12/site-packages/airflow/example_dags/example_xcomargs.py
[2025-02-19T18:52:27.918+0000] {logging_mixin.py:190} INFO - [2025-02-19T18:52:27.918+0000] {override.py:1912} INFO - Created Permission View: can read on DAG:example_xcom_args_with_operators
[2025-02-19T18:52:27.921+0000] {logging_mixin.py:190} INFO - [2025-02-19T18:52:27.921+0000] {override.py:1912} INFO - Created Permission View: can delete on DAG:example_xcom_args_with_operators
[2025-02-19T18:52:27.923+0000] {logging_mixin.py:190} INFO - [2025-02-19T18:52:27.923+0000] {override.py:1912} INFO - Created Permission View: can edit on DAG:example_xcom_args_with_operators
[2025-02-19T18:52:27.925+0000] {logging_mixin.py:190} INFO - [2025-02-19T18:52:27.924+0000] {override.py:1912} INFO - Created Permission View: can delete on DAG Run:example_xcom_args_with_operators
[2025-02-19T18:52:27.926+0000] {logging_mixin.py:190} INFO - [2025-02-19T18:52:27.926+0000] {override.py:1912} INFO - Created Permission View: menu access on DAG Run:example_xcom_args_with_operators
[2025-02-19T18:52:27.927+0000] {logging_mixin.py:190} INFO - [2025-02-19T18:52:27.927+0000] {override.py:1912} INFO - Created Permission View: can read on DAG Run:example_xcom_args_with_operators
[2025-02-19T18:52:27.928+0000] {logging_mixin.py:190} INFO - [2025-02-19T18:52:27.928+0000] {override.py:1912} INFO - Created Permission View: can create on DAG Run:example_xcom_args_with_operators
[2025-02-19T18:52:27.933+0000] {logging_mixin.py:190} INFO - [2025-02-19T18:52:27.933+0000] {override.py:1912} INFO - Created Permission View: can read on DAG:example_xcom_args
[2025-02-19T18:52:27.934+0000] {logging_mixin.py:190} INFO - [2025-02-19T18:52:27.934+0000] {override.py:1912} INFO - Created Permission View: can delete on DAG:example_xcom_args
[2025-02-19T18:52:27.935+0000] {logging_mixin.py:190} INFO - [2025-02-19T18:52:27.935+0000] {override.py:1912} INFO - Created Permission View: can edit on DAG:example_xcom_args
[2025-02-19T18:52:27.937+0000] {logging_mixin.py:190} INFO - [2025-02-19T18:52:27.937+0000] {override.py:1912} INFO - Created Permission View: can delete on DAG Run:example_xcom_args
[2025-02-19T18:52:27.938+0000] {logging_mixin.py:190} INFO - [2025-02-19T18:52:27.938+0000] {override.py:1912} INFO - Created Permission View: menu access on DAG Run:example_xcom_args
[2025-02-19T18:52:27.939+0000] {logging_mixin.py:190} INFO - [2025-02-19T18:52:27.939+0000] {override.py:1912} INFO - Created Permission View: can read on DAG Run:example_xcom_args
[2025-02-19T18:52:27.940+0000] {logging_mixin.py:190} INFO - [2025-02-19T18:52:27.940+0000] {override.py:1912} INFO - Created Permission View: can create on DAG Run:example_xcom_args
[2025-02-19T18:52:27.941+0000] {logging_mixin.py:190} INFO - [2025-02-19T18:52:27.940+0000] {dag.py:3239} INFO - Sync 2 DAGs
[2025-02-19T18:52:27.945+0000] {logging_mixin.py:190} INFO - [2025-02-19T18:52:27.945+0000] {dag.py:3262} INFO - Creating ORM DAG for example_xcom_args
[2025-02-19T18:52:27.945+0000] {logging_mixin.py:190} INFO - [2025-02-19T18:52:27.945+0000] {dag.py:3262} INFO - Creating ORM DAG for example_xcom_args_with_operators
[2025-02-19T18:52:27.945+0000] {logging_mixin.py:190} INFO - [2025-02-19T18:52:27.945+0000] {dag.py:4180} INFO - Setting next_dagrun for example_xcom_args to None, run_after=None
[2025-02-19T18:52:27.946+0000] {logging_mixin.py:190} INFO - [2025-02-19T18:52:27.946+0000] {dag.py:4180} INFO - Setting next_dagrun for example_xcom_args_with_operators to None, run_after=None
[2025-02-19T18:52:27.952+0000] {processor.py:208} INFO - Processing /home/airflow/.local/lib/python3.12/site-packages/airflow/example_dags/example_xcomargs.py took 0.079 seconds
