[2025-02-19T18:52:26.929+0000] {processor.py:186} INFO - Started process (PID=69) to work on /home/airflow/.local/lib/python3.12/site-packages/airflow/example_dags/example_outlet_event_extra.py
[2025-02-19T18:52:26.929+0000] {processor.py:914} INFO - Processing file /home/airflow/.local/lib/python3.12/site-packages/airflow/example_dags/example_outlet_event_extra.py for tasks to queue
[2025-02-19T18:52:26.930+0000] {logging_mixin.py:190} INFO - [2025-02-19T18:52:26.930+0000] {dagbag.py:588} INFO - Filling up the DagBag from /home/airflow/.local/lib/python3.12/site-packages/airflow/example_dags/example_outlet_event_extra.py
[2025-02-19T18:52:27.214+0000] {processor.py:925} INFO - DAG(s) 'dataset_with_extra_from_classic_operator', 'dataset_with_extra_by_context', 'dataset_with_extra_by_yield' retrieved from /home/airflow/.local/lib/python3.12/site-packages/airflow/example_dags/example_outlet_event_extra.py
[2025-02-19T18:52:27.248+0000] {logging_mixin.py:190} INFO - [2025-02-19T18:52:27.248+0000] {override.py:1912} INFO - Created Permission View: can read on DAG:dataset_with_extra_from_classic_operator
[2025-02-19T18:52:27.251+0000] {logging_mixin.py:190} INFO - [2025-02-19T18:52:27.251+0000] {override.py:1912} INFO - Created Permission View: can delete on DAG:dataset_with_extra_from_classic_operator
[2025-02-19T18:52:27.253+0000] {logging_mixin.py:190} INFO - [2025-02-19T18:52:27.253+0000] {override.py:1912} INFO - Created Permission View: can edit on DAG:dataset_with_extra_from_classic_operator
[2025-02-19T18:52:27.255+0000] {logging_mixin.py:190} INFO - [2025-02-19T18:52:27.255+0000] {override.py:1912} INFO - Created Permission View: can delete on DAG Run:dataset_with_extra_from_classic_operator
[2025-02-19T18:52:27.257+0000] {logging_mixin.py:190} INFO - [2025-02-19T18:52:27.257+0000] {override.py:1912} INFO - Created Permission View: menu access on DAG Run:dataset_with_extra_from_classic_operator
[2025-02-19T18:52:27.258+0000] {logging_mixin.py:190} INFO - [2025-02-19T18:52:27.258+0000] {override.py:1912} INFO - Created Permission View: can read on DAG Run:dataset_with_extra_from_classic_operator
[2025-02-19T18:52:27.260+0000] {logging_mixin.py:190} INFO - [2025-02-19T18:52:27.260+0000] {override.py:1912} INFO - Created Permission View: can create on DAG Run:dataset_with_extra_from_classic_operator
[2025-02-19T18:52:27.263+0000] {logging_mixin.py:190} INFO - [2025-02-19T18:52:27.263+0000] {override.py:1912} INFO - Created Permission View: can read on DAG:dataset_with_extra_by_context
[2025-02-19T18:52:27.265+0000] {logging_mixin.py:190} INFO - [2025-02-19T18:52:27.265+0000] {override.py:1912} INFO - Created Permission View: can delete on DAG:dataset_with_extra_by_context
[2025-02-19T18:52:27.267+0000] {logging_mixin.py:190} INFO - [2025-02-19T18:52:27.267+0000] {override.py:1912} INFO - Created Permission View: can edit on DAG:dataset_with_extra_by_context
[2025-02-19T18:52:27.269+0000] {logging_mixin.py:190} INFO - [2025-02-19T18:52:27.269+0000] {override.py:1912} INFO - Created Permission View: can delete on DAG Run:dataset_with_extra_by_context
[2025-02-19T18:52:27.271+0000] {logging_mixin.py:190} INFO - [2025-02-19T18:52:27.270+0000] {override.py:1912} INFO - Created Permission View: menu access on DAG Run:dataset_with_extra_by_context
[2025-02-19T18:52:27.272+0000] {logging_mixin.py:190} INFO - [2025-02-19T18:52:27.272+0000] {override.py:1912} INFO - Created Permission View: can read on DAG Run:dataset_with_extra_by_context
[2025-02-19T18:52:27.274+0000] {logging_mixin.py:190} INFO - [2025-02-19T18:52:27.274+0000] {override.py:1912} INFO - Created Permission View: can create on DAG Run:dataset_with_extra_by_context
[2025-02-19T18:52:27.277+0000] {logging_mixin.py:190} INFO - [2025-02-19T18:52:27.277+0000] {override.py:1912} INFO - Created Permission View: can read on DAG:dataset_with_extra_by_yield
[2025-02-19T18:52:27.279+0000] {logging_mixin.py:190} INFO - [2025-02-19T18:52:27.279+0000] {override.py:1912} INFO - Created Permission View: can delete on DAG:dataset_with_extra_by_yield
[2025-02-19T18:52:27.281+0000] {logging_mixin.py:190} INFO - [2025-02-19T18:52:27.280+0000] {override.py:1912} INFO - Created Permission View: can edit on DAG:dataset_with_extra_by_yield
[2025-02-19T18:52:27.287+0000] {logging_mixin.py:190} INFO - [2025-02-19T18:52:27.287+0000] {override.py:1912} INFO - Created Permission View: can delete on DAG Run:dataset_with_extra_by_yield
[2025-02-19T18:52:27.291+0000] {logging_mixin.py:190} INFO - [2025-02-19T18:52:27.291+0000] {override.py:1912} INFO - Created Permission View: menu access on DAG Run:dataset_with_extra_by_yield
[2025-02-19T18:52:27.294+0000] {logging_mixin.py:190} INFO - [2025-02-19T18:52:27.293+0000] {override.py:1912} INFO - Created Permission View: can read on DAG Run:dataset_with_extra_by_yield
[2025-02-19T18:52:27.295+0000] {logging_mixin.py:190} INFO - [2025-02-19T18:52:27.295+0000] {override.py:1912} INFO - Created Permission View: can create on DAG Run:dataset_with_extra_by_yield
[2025-02-19T18:52:27.296+0000] {logging_mixin.py:190} INFO - [2025-02-19T18:52:27.296+0000] {dag.py:3239} INFO - Sync 3 DAGs
[2025-02-19T18:52:27.301+0000] {logging_mixin.py:190} INFO - [2025-02-19T18:52:27.301+0000] {dag.py:3262} INFO - Creating ORM DAG for dataset_with_extra_by_context
[2025-02-19T18:52:27.302+0000] {logging_mixin.py:190} INFO - [2025-02-19T18:52:27.302+0000] {dag.py:3262} INFO - Creating ORM DAG for dataset_with_extra_from_classic_operator
[2025-02-19T18:52:27.302+0000] {logging_mixin.py:190} INFO - [2025-02-19T18:52:27.302+0000] {dag.py:3262} INFO - Creating ORM DAG for dataset_with_extra_by_yield
[2025-02-19T18:52:27.307+0000] {logging_mixin.py:190} INFO - [2025-02-19T18:52:27.307+0000] {dag.py:4180} INFO - Setting next_dagrun for dataset_with_extra_by_context to 2025-02-18 00:00:00+00:00, run_after=2025-02-19 00:00:00+00:00
[2025-02-19T18:52:27.308+0000] {logging_mixin.py:190} INFO - [2025-02-19T18:52:27.308+0000] {dag.py:4180} INFO - Setting next_dagrun for dataset_with_extra_by_yield to 2025-02-18 00:00:00+00:00, run_after=2025-02-19 00:00:00+00:00
[2025-02-19T18:52:27.308+0000] {logging_mixin.py:190} INFO - [2025-02-19T18:52:27.308+0000] {dag.py:4180} INFO - Setting next_dagrun for dataset_with_extra_from_classic_operator to 2025-02-18 00:00:00+00:00, run_after=2025-02-19 00:00:00+00:00
[2025-02-19T18:52:27.318+0000] {processor.py:208} INFO - Processing /home/airflow/.local/lib/python3.12/site-packages/airflow/example_dags/example_outlet_event_extra.py took 0.392 seconds
