[2025-02-19T19:17:42.251+0000] {local_task_job_runner.py:123} INFO - ::group::Pre task execution logs
[2025-02-19T19:17:42.258+0000] {taskinstance.py:2614} INFO - Dependencies all met for dep_context=non-requeueable deps ti=<TaskInstance: crypto_dag.fetch_btc_infos manual__2025-02-19T19:17:40.498200+00:00 [queued]>
[2025-02-19T19:17:42.262+0000] {taskinstance.py:2614} INFO - Dependencies all met for dep_context=requeueable deps ti=<TaskInstance: crypto_dag.fetch_btc_infos manual__2025-02-19T19:17:40.498200+00:00 [queued]>
[2025-02-19T19:17:42.263+0000] {taskinstance.py:2867} INFO - Starting attempt 1 of 1
[2025-02-19T19:17:42.267+0000] {taskinstance.py:2890} INFO - Executing <Task(PythonOperator): fetch_btc_infos> on 2025-02-19 19:17:40.498200+00:00
[2025-02-19T19:17:42.271+0000] {warnings.py:112} WARNING - /home/***/.local/lib/python3.12/site-packages/***/task/task_runner/standard_task_runner.py:70: DeprecationWarning: This process (pid=64) is multi-threaded, use of fork() may lead to deadlocks in the child.
  pid = os.fork()

[2025-02-19T19:17:42.272+0000] {standard_task_runner.py:72} INFO - Started process 68 to run task
[2025-02-19T19:17:42.272+0000] {standard_task_runner.py:104} INFO - Running: ['***', 'tasks', 'run', 'crypto_dag', 'fetch_btc_infos', 'manual__2025-02-19T19:17:40.498200+00:00', '--job-id', '5', '--raw', '--subdir', 'DAGS_FOLDER/crypto_dag.py', '--cfg-path', '/tmp/tmpyf9kfs7l']
[2025-02-19T19:17:42.273+0000] {standard_task_runner.py:105} INFO - Job 5: Subtask fetch_btc_infos
[2025-02-19T19:17:42.299+0000] {task_command.py:467} INFO - Running <TaskInstance: crypto_dag.fetch_btc_infos manual__2025-02-19T19:17:40.498200+00:00 [running]> on host b5b316343889
[2025-02-19T19:17:42.334+0000] {taskinstance.py:3134} INFO - Exporting env vars: AIRFLOW_CTX_DAG_OWNER='***' AIRFLOW_CTX_DAG_ID='crypto_dag' AIRFLOW_CTX_TASK_ID='fetch_btc_infos' AIRFLOW_CTX_EXECUTION_DATE='2025-02-19T19:17:40.498200+00:00' AIRFLOW_CTX_TRY_NUMBER='1' AIRFLOW_CTX_DAG_RUN_ID='manual__2025-02-19T19:17:40.498200+00:00'
[2025-02-19T19:17:42.335+0000] {taskinstance.py:732} INFO - ::endgroup::
[2025-02-19T19:17:42.667+0000] {crypto_dag.py:19} INFO - BTC dumped into 1739992662.666288.json 👍
[2025-02-19T19:17:42.741+0000] {python.py:240} INFO - Done. Returned value was: None
[2025-02-19T19:17:42.748+0000] {taskinstance.py:341} INFO - ::group::Post task execution logs
[2025-02-19T19:17:42.748+0000] {taskinstance.py:353} INFO - Marking task as SUCCESS. dag_id=crypto_dag, task_id=fetch_btc_infos, run_id=manual__2025-02-19T19:17:40.498200+00:00, execution_date=20250219T191740, start_date=20250219T191742, end_date=20250219T191742
[2025-02-19T19:17:42.788+0000] {local_task_job_runner.py:266} INFO - Task exited with return code 0
[2025-02-19T19:17:42.798+0000] {taskinstance.py:3901} INFO - 1 downstream tasks scheduled from follow-on schedule check
[2025-02-19T19:17:42.799+0000] {local_task_job_runner.py:245} INFO - ::endgroup::
