[2025-02-19T19:13:07.322+0000] {manager.py:483} INFO - Processing files using up to 2 processes at a time 
[2025-02-19T19:13:07.323+0000] {manager.py:484} INFO - Process each file at most once every 30 seconds
[2025-02-19T19:13:07.323+0000] {manager.py:485} INFO - Checking for new files in /opt/airflow/dags every 300 seconds
[2025-02-19T19:13:07.323+0000] {manager.py:821} INFO - Searching for files in /opt/airflow/dags
[2025-02-19T19:13:07.327+0000] {manager.py:824} INFO - There are 1 files in /opt/airflow/dags
[2025-02-19T19:13:07.384+0000] {manager.py:997} INFO - 
================================================================================
DAG File Processing Stats

File Path                          PID  Runtime      # DAGs    # Errors  Last Runtime    Last Run      Last # of DB Queries
-------------------------------  -----  ---------  --------  ----------  --------------  ----------  ----------------------
/opt/airflow/dags/crypto_dag.py     37  0.01s             0           0                                                   0
================================================================================
[2025-02-19T19:13:37.638+0000] {manager.py:997} INFO - 
================================================================================
DAG File Processing Stats

File Path                          PID  Runtime      # DAGs    # Errors  Last Runtime    Last Run               Last # of DB Queries
-------------------------------  -----  ---------  --------  ----------  --------------  -------------------  ----------------------
/opt/airflow/dags/crypto_dag.py     44  0.01s             0           1  0.04s           2025-02-19T19:13:07                       3
================================================================================
[2025-02-19T19:14:07.890+0000] {manager.py:997} INFO - 
================================================================================
DAG File Processing Stats

File Path                          PID  Runtime      # DAGs    # Errors  Last Runtime    Last Run               Last # of DB Queries
-------------------------------  -----  ---------  --------  ----------  --------------  -------------------  ----------------------
/opt/airflow/dags/crypto_dag.py     57  0.00s             0           1  0.05s           2025-02-19T19:13:37                       5
================================================================================
[2025-02-19T19:14:21.583+0000] {manager.py:465} INFO - Exiting gracefully upon receiving signal 15
[2025-02-19T19:17:16.187+0000] {manager.py:483} INFO - Processing files using up to 2 processes at a time 
[2025-02-19T19:17:16.188+0000] {manager.py:484} INFO - Process each file at most once every 30 seconds
[2025-02-19T19:17:16.188+0000] {manager.py:485} INFO - Checking for new files in /opt/airflow/dags every 300 seconds
[2025-02-19T19:17:16.188+0000] {manager.py:821} INFO - Searching for files in /opt/airflow/dags
[2025-02-19T19:17:16.192+0000] {manager.py:824} INFO - There are 1 files in /opt/airflow/dags
[2025-02-19T19:17:16.242+0000] {manager.py:997} INFO - 
================================================================================
DAG File Processing Stats

File Path                          PID  Runtime      # DAGs    # Errors  Last Runtime    Last Run      Last # of DB Queries
-------------------------------  -----  ---------  --------  ----------  --------------  ----------  ----------------------
/opt/airflow/dags/crypto_dag.py     35  0.01s             0           0                                                   0
================================================================================
[2025-02-19T19:17:46.467+0000] {manager.py:997} INFO - 
================================================================================
DAG File Processing Stats

File Path                        PID    Runtime      # DAGs    # Errors  Last Runtime    Last Run               Last # of DB Queries
-------------------------------  -----  ---------  --------  ----------  --------------  -------------------  ----------------------
/opt/airflow/dags/crypto_dag.py                           1           0  0.69s           2025-02-19T19:17:16                      45
================================================================================
[2025-02-19T19:18:16.752+0000] {manager.py:997} INFO - 
================================================================================
DAG File Processing Stats

File Path                        PID    Runtime      # DAGs    # Errors  Last Runtime    Last Run               Last # of DB Queries
-------------------------------  -----  ---------  --------  ----------  --------------  -------------------  ----------------------
/opt/airflow/dags/crypto_dag.py                           1           0  0.45s           2025-02-19T19:17:47                      12
================================================================================
[2025-02-19T19:18:47.105+0000] {manager.py:997} INFO - 
================================================================================
DAG File Processing Stats

File Path                        PID    Runtime      # DAGs    # Errors  Last Runtime    Last Run               Last # of DB Queries
-------------------------------  -----  ---------  --------  ----------  --------------  -------------------  ----------------------
/opt/airflow/dags/crypto_dag.py                           1           0  0.39s           2025-02-19T19:18:18                      12
================================================================================
[2025-02-19T19:19:17.123+0000] {manager.py:997} INFO - 
================================================================================
DAG File Processing Stats

File Path                        PID    Runtime      # DAGs    # Errors  Last Runtime    Last Run               Last # of DB Queries
-------------------------------  -----  ---------  --------  ----------  --------------  -------------------  ----------------------
/opt/airflow/dags/crypto_dag.py                           1           0  0.42s           2025-02-19T19:18:48                      12
================================================================================
[2025-02-19T19:19:24.488+0000] {manager.py:465} INFO - Exiting gracefully upon receiving signal 15
