[2025-02-19T19:17:44.141+0000] {local_task_job_runner.py:123} INFO - ::group::Pre task execution logs
[2025-02-19T19:17:44.150+0000] {taskinstance.py:2614} INFO - Dependencies all met for dep_context=non-requeueable deps ti=<TaskInstance: crypto_dag.transform_data scheduled__2025-02-19T18:00:00+00:00 [queued]>
[2025-02-19T19:17:44.155+0000] {taskinstance.py:2614} INFO - Dependencies all met for dep_context=requeueable deps ti=<TaskInstance: crypto_dag.transform_data scheduled__2025-02-19T18:00:00+00:00 [queued]>
[2025-02-19T19:17:44.156+0000] {taskinstance.py:2867} INFO - Starting attempt 1 of 1
[2025-02-19T19:17:44.162+0000] {taskinstance.py:2890} INFO - Executing <Task(PythonOperator): transform_data> on 2025-02-19 18:00:00+00:00
[2025-02-19T19:17:44.165+0000] {warnings.py:112} WARNING - /home/***/.local/lib/python3.12/site-packages/***/task/task_runner/standard_task_runner.py:70: DeprecationWarning: This process (pid=71) is multi-threaded, use of fork() may lead to deadlocks in the child.
  pid = os.fork()

[2025-02-19T19:17:44.166+0000] {standard_task_runner.py:72} INFO - Started process 76 to run task
[2025-02-19T19:17:44.166+0000] {standard_task_runner.py:104} INFO - Running: ['***', 'tasks', 'run', 'crypto_dag', 'transform_data', 'scheduled__2025-02-19T18:00:00+00:00', '--job-id', '8', '--raw', '--subdir', 'DAGS_FOLDER/crypto_dag.py', '--cfg-path', '/tmp/tmpodrj53l5']
[2025-02-19T19:17:44.167+0000] {standard_task_runner.py:105} INFO - Job 8: Subtask transform_data
[2025-02-19T19:17:44.183+0000] {task_command.py:467} INFO - Running <TaskInstance: crypto_dag.transform_data scheduled__2025-02-19T18:00:00+00:00 [running]> on host b5b316343889
[2025-02-19T19:17:44.206+0000] {taskinstance.py:3134} INFO - Exporting env vars: AIRFLOW_CTX_DAG_OWNER='***' AIRFLOW_CTX_DAG_ID='crypto_dag' AIRFLOW_CTX_TASK_ID='transform_data' AIRFLOW_CTX_EXECUTION_DATE='2025-02-19T18:00:00+00:00' AIRFLOW_CTX_TRY_NUMBER='1' AIRFLOW_CTX_DAG_RUN_ID='scheduled__2025-02-19T18:00:00+00:00'
[2025-02-19T19:17:44.206+0000] {taskinstance.py:732} INFO - ::endgroup::
[2025-02-19T19:17:44.216+0000] {crypto_dag.py:38} INFO - Data saved in btc_history.csv 🥳
[2025-02-19T19:17:44.217+0000] {python.py:240} INFO - Done. Returned value was: None
[2025-02-19T19:17:44.220+0000] {taskinstance.py:341} INFO - ::group::Post task execution logs
[2025-02-19T19:17:44.220+0000] {taskinstance.py:353} INFO - Marking task as SUCCESS. dag_id=crypto_dag, task_id=transform_data, run_id=scheduled__2025-02-19T18:00:00+00:00, execution_date=20250219T180000, start_date=20250219T191744, end_date=20250219T191744
[2025-02-19T19:17:44.264+0000] {local_task_job_runner.py:266} INFO - Task exited with return code 0
[2025-02-19T19:17:44.271+0000] {taskinstance.py:3901} INFO - 0 downstream tasks scheduled from follow-on schedule check
[2025-02-19T19:17:44.271+0000] {local_task_job_runner.py:245} INFO - ::endgroup::
